#
# There is insufficient memory for the Java Runtime Environment to continue.
# Native memory allocation (mmap) failed to map 132120576 bytes for G1 virtual space
# Possible reasons:
#   The system is out of physical RAM or swap space
#   The process is running with CompressedOops enabled, and the Java Heap may be blocking the growth of the native heap
# Possible solutions:
#   Reduce memory load on the system
#   Increase physical memory or swap space
#   Check if swap backing store is full
#   Decrease Java heap size (-Xmx/-Xms)
#   Decrease number of Java threads
#   Decrease Java thread stack sizes (-Xss)
#   Set larger code cache with -XX:ReservedCodeCacheSize=
#   JVM is running with Unscaled Compressed Oops mode in which the Java heap is
#     placed in the first 4GB address space. The Java Heap base address is the
#     maximum limit for the native heap growth. Please use -XX:HeapBaseMinAddress
#     to set the Java Heap base and to place the Java Heap above 4GB virtual address.
# This output file may be truncated or incomplete.
#
#  Out of Memory Error (./open/src/hotspot/os/windows/os_windows.cpp:3472), pid=25660, tid=21852
#
# JRE version:  (15.0.1+9) (build )
# Java VM: Java HotSpot(TM) 64-Bit Server VM (15.0.1+9-18, mixed mode, sharing, tiered, compressed oops, g1 gc, windows-amd64)
# No core dump will be written. Minidumps are not enabled by default on client versions of Windows
#

---------------  S U M M A R Y ------------

Command Line: -XX:TieredStopAtLevel=1 cn.cqu.edu.demo.DemoApplication

Host: Intel(R) Core(TM) i7-9750H CPU @ 2.60GHz, 12 cores, 7G,  Windows 10 , 64 bit Build 19041 (10.0.19041.1202)
Time: Sun Nov  7 20:10:35 2021 中国标准时间 elapsed time: 0.026527 seconds (0d 0h 0m 0s)

---------------  T H R E A D  ---------------

Current thread (0x0000023abacf9000):  JavaThread "Unknown thread" [_thread_in_vm, id=21852, stack(0x000000f172700000,0x000000f172800000)]

Stack: [0x000000f172700000,0x000000f172800000]
Native frames: (J=compiled Java code, j=interpreted, Vv=VM code, C=native code)
V  [jvm.dll+0x62ae9a]
V  [jvm.dll+0x781389]
V  [jvm.dll+0x782ae3]
V  [jvm.dll+0x783143]
V  [jvm.dll+0x216265]
V  [jvm.dll+0x6281d9]
V  [jvm.dll+0x61cd15]
V  [jvm.dll+0x2d01fd]
V  [jvm.dll+0x2d0062]
V  [jvm.dll+0x2d603c]
V  [jvm.dll+0x325b2a]
V  [jvm.dll+0x3251f4]
V  [jvm.dll+0x2a717a]
V  [jvm.dll+0x2a8318]
V  [jvm.dll+0x75e101]
V  [jvm.dll+0x3343e4]
V  [jvm.dll+0x73e826]
V  [jvm.dll+0x3b7777]
V  [jvm.dll+0x3b9201]
C  [jli.dll+0x52fb]
C  [ucrtbase.dll+0x21bb2]
C  [KERNEL32.DLL+0x17034]
C  [ntdll.dll+0x52651]


---------------  P R O C E S S  ---------------

Threads class SMR info:
_java_thread_list=0x00007ffae4414ff0, length=0, elements={
}

Java Threads: ( => current thread )

Other Threads:
  0x0000023abad392a0 GCTaskThread "GC Thread#0" [stack: 0x000000f172800000,0x000000f172900000] [id=17232]
  0x0000023abad4af80 ConcurrentGCThread "G1 Main Marker" [stack: 0x000000f172900000,0x000000f172a00000] [id=27568]
  0x0000023abad4bb70 ConcurrentGCThread "G1 Conc#0" [stack: 0x000000f172a00000,0x000000f172b00000] [id=14712]

[error occurred during error reporting (printing all threads), id 0xc0000005, EXCEPTION_ACCESS_VIOLATION (0xc0000005) at pc=0x00007ffae3c08047]

VM state: not at safepoint (not fully initialized)

VM Mutex/Monitor currently owned by a thread:  ([mutex/lock_event])
[0x0000023abacf37a0] Heap_lock - owner thread: 0x0000023abacf9000

Heap address: 0x0000000082400000, size: 2012 MB, Compressed Oops mode: 32-bit
CDS archive(s) mapped at: [0x0000000000000000-0x0000000000000000-0x0000000000000000), size 0, SharedBaseAddress: 0x0000000800000000, ArchiveRelocationMode: 0.
Narrow klass base: 0x0000000000000000, Narrow klass shift: 0, Narrow klass range: 0x0

Heap:
 garbage-first heap   total 129024K, used 0K [0x0000000082400000, 0x0000000100000000)
  region size 1024K, 0 young (0K), 0 survivors (0K)
 Metaspace       used 0K, capacity 0K, committed 0K, reserved 0K
  class space    used 0K, capacity 0K, committed 0K, reserved 0K

Heap Regions: E=young(eden), S=young(survivor), O=old, HS=humongous(starts), HC=humongous(continues), CS=collection set, F=free, OA=open archive, CA=closed archive, TAMS=top-at-mark-start (previous, next)

Card table byte_map: [0x0000023ad2870000,0x0000023ad2c60000] _byte_map_base: 0x0000023ad245e000

Marking Bits (Prev, Next): (CMBitMap*) 0x0000023abad3aaa0, (CMBitMap*) 0x0000023abad3aae0
 Prev Bits: [0x0000023ad3050000, 0x0000023ad4fc0000)
 Next Bits: [0x0000023ad4fc0000, 0x0000023ad6f30000)

GC Heap History (0 events):
No events

Deoptimization events (0 events):
No events

Classes unloaded (0 events):
No events

Classes redefined (0 events):
No events

Internal exceptions (0 events):
No events

Events (1 events):
Event: 0.013 Loaded shared library C:\Program Files\Java\jdk-15.0.1\bin\java.dll


Dynamic libraries:
0x00007ff620c00000 - 0x00007ff620c0f000 	C:\Program Files\Java\jdk-15.0.1\bin\java.exe
0x00007ffb22170000 - 0x00007ffb22365000 	C:\WINDOWS\SYSTEM32\ntdll.dll
0x00007ffb21c10000 - 0x00007ffb21cce000 	C:\WINDOWS\System32\KERNEL32.DLL
0x00007ffb1fd80000 - 0x00007ffb20049000 	C:\WINDOWS\System32\KERNELBASE.dll
0x00007ffb1fc80000 - 0x00007ffb1fd80000 	C:\WINDOWS\System32\ucrtbase.dll
0x00007ffb172f0000 - 0x00007ffb17309000 	C:\Program Files\Java\jdk-15.0.1\bin\VCRUNTIME140.dll
0x00007ffb172d0000 - 0x00007ffb172e8000 	C:\Program Files\Java\jdk-15.0.1\bin\jli.dll
0x00007ffb210c0000 - 0x00007ffb2116c000 	C:\WINDOWS\System32\ADVAPI32.dll
0x00007ffb202e0000 - 0x00007ffb2037e000 	C:\WINDOWS\System32\msvcrt.dll
0x00007ffb21910000 - 0x00007ffb219ab000 	C:\WINDOWS\System32\sechost.dll
0x00007ffb20800000 - 0x00007ffb2092a000 	C:\WINDOWS\System32\RPCRT4.dll
0x00007ffb21d80000 - 0x00007ffb21f21000 	C:\WINDOWS\System32\USER32.dll
0x00007ffb1fb90000 - 0x00007ffb1fbb2000 	C:\WINDOWS\System32\win32u.dll
0x00007ffb21090000 - 0x00007ffb210bb000 	C:\WINDOWS\System32\GDI32.dll
0x00007ffb200b0000 - 0x00007ffb201bb000 	C:\WINDOWS\System32\gdi32full.dll
0x00007ffb1faf0000 - 0x00007ffb1fb8d000 	C:\WINDOWS\System32\msvcp_win.dll
0x00007ffb08a90000 - 0x00007ffb08d2a000 	C:\WINDOWS\WinSxS\amd64_microsoft.windows.common-controls_6595b64144ccf1df_6.0.19041.1110_none_60b5254171f9507e\COMCTL32.dll
0x00007ffb1f360000 - 0x00007ffb1f36a000 	C:\WINDOWS\SYSTEM32\VERSION.dll
0x00007ffb20d80000 - 0x00007ffb20db0000 	C:\WINDOWS\System32\IMM32.DLL
0x00007ffb1a060000 - 0x00007ffb1a06c000 	C:\Program Files\Java\jdk-15.0.1\bin\vcruntime140_1.dll
0x00007ffafbaa0000 - 0x00007ffafbb31000 	C:\Program Files\Java\jdk-15.0.1\bin\msvcp140.dll
0x00007ffae3950000 - 0x00007ffae44ae000 	C:\Program Files\Java\jdk-15.0.1\bin\server\jvm.dll
0x00007ffb21ff0000 - 0x00007ffb21ff8000 	C:\WINDOWS\System32\PSAPI.DLL
0x00007ffb02be0000 - 0x00007ffb02be9000 	C:\WINDOWS\SYSTEM32\WSOCK32.dll
0x00007ffb20950000 - 0x00007ffb209bb000 	C:\WINDOWS\System32\WS2_32.dll
0x00007ffb081a0000 - 0x00007ffb081c7000 	C:\WINDOWS\SYSTEM32\WINMM.dll
0x00007ffb1d6e0000 - 0x00007ffb1d6f2000 	C:\WINDOWS\SYSTEM32\kernel.appcore.dll
0x00007ffb19e50000 - 0x00007ffb19e5a000 	C:\Program Files\Java\jdk-15.0.1\bin\jimage.dll
0x00007ffb09700000 - 0x00007ffb098e4000 	C:\WINDOWS\SYSTEM32\DBGHELP.DLL
0x00007ffb0aeb0000 - 0x00007ffb0aedc000 	C:\WINDOWS\SYSTEM32\dbgcore.DLL
0x00007ffb1fbf0000 - 0x00007ffb1fc73000 	C:\WINDOWS\System32\bcryptPrimitives.dll
0x00007ffb17180000 - 0x00007ffb171a5000 	C:\Program Files\Java\jdk-15.0.1\bin\java.dll

dbghelp: loaded successfully - version: 4.0.5 - missing functions: none
symbol engine: initialized successfully - sym options: 0x614 - pdb path: .;C:\Program Files\Java\jdk-15.0.1\bin;C:\WINDOWS\SYSTEM32;C:\WINDOWS\WinSxS\amd64_microsoft.windows.common-controls_6595b64144ccf1df_6.0.19041.1110_none_60b5254171f9507e;C:\Program Files\Java\jdk-15.0.1\bin\server

VM Arguments:
jvm_args: -XX:TieredStopAtLevel=1 
java_command: cn.cqu.edu.demo.DemoApplication
java_class_path (initial): D:\SSO\Java-SSO\demo\target\classes;D:\tool\tool\repository\org\springframework\boot\spring-boot\2.5.5\spring-boot-2.5.5.jar;D:\tool\tool\repository\org\springframework\spring-context\5.3.10\spring-context-5.3.10.jar;D:\tool\tool\repository\org\springframework\boot\spring-boot-autoconfigure\2.5.5\spring-boot-autoconfigure-2.5.5.jar;D:\tool\tool\repository\ch\qos\logback\logback-classic\1.2.6\logback-classic-1.2.6.jar;D:\tool\tool\repository\ch\qos\logback\logback-core\1.2.6\logback-core-1.2.6.jar;D:\tool\tool\repository\org\apache\logging\log4j\log4j-to-slf4j\2.14.1\log4j-to-slf4j-2.14.1.jar;D:\tool\tool\repository\org\apache\logging\log4j\log4j-api\2.14.1\log4j-api-2.14.1.jar;D:\tool\tool\repository\org\slf4j\jul-to-slf4j\1.7.32\jul-to-slf4j-1.7.32.jar;D:\tool\tool\repository\jakarta\annotation\jakarta.annotation-api\1.3.5\jakarta.annotation-api-1.3.5.jar;D:\tool\tool\repository\org\springframework\spring-core\5.3.10\spring-core-5.3.10.jar;D:\tool\tool\repository\org\springframework\spring-jcl\5.3.10\spring-jcl-5.3.10.jar;D:\tool\tool\repository\org\yaml\snakeyaml\1.28\snakeyaml-1.28.jar;D:\tool\tool\repository\org\mongodb\mongodb-driver-sync\4.2.3\mongodb-driver-sync-4.2.3.jar;D:\tool\tool\repository\org\mongodb\bson\4.2.3\bson-4.2.3.jar;D:\tool\tool\repository\org\mongodb\mongodb-driver-core\4.2.3\mongodb-driver-core-4.2.3.jar;D:\tool\tool\repository\org\springframework\data\spring-data-mongodb\3.2.5\spring-data-mongodb-3.2.5.jar;D:\tool\tool\repository\org\springframework\spring-tx\5.3.10\spring-tx-5.3.10.jar;D:\tool\tool\repository\org\springframework\spring-beans\5.3.10\spring-beans-5.3.10.jar;D:\tool\tool\repository\org\springframework\spring-expression\5.3.10\spring-expression-5.3.10.jar;D:\tool\tool\repository\org\springframework\data\spring-data-commons\2.5.5\spring-data-commons-2.5.5.jar;D:\tool\tool\repository\org\slf4j\slf4j-api\1.7.32\slf4j-api-1.7.32.jar;D:\tool\tool\repository\com\fasterxml\jackson\core\jackson-databind\2
Launcher Type: SUN_STANDARD

[Global flags]
     intx CICompilerCount                          = 4                                         {product} {ergonomic}
     uint ConcGCThreads                            = 3                                         {product} {ergonomic}
     uint G1ConcRefinementThreads                  = 10                                        {product} {ergonomic}
   size_t G1HeapRegionSize                         = 1048576                                   {product} {ergonomic}
    uintx GCDrainStackTargetSize                   = 64                                        {product} {ergonomic}
   size_t InitialHeapSize                          = 132120576                                 {product} {ergonomic}
   size_t MarkStackSize                            = 4194304                                   {product} {ergonomic}
   size_t MaxHeapSize                              = 2109734912                                {product} {ergonomic}
   size_t MinHeapDeltaBytes                        = 1048576                                   {product} {ergonomic}
   size_t MinHeapSize                              = 8388608                                   {product} {ergonomic}
    uintx NonNMethodCodeHeapSize                   = 7549744                                {pd product} {ergonomic}
    uintx NonProfiledCodeHeapSize                  = 244108496                              {pd product} {ergonomic}
    uintx ProfiledCodeHeapSize                     = 0                                      {pd product} {ergonomic}
    uintx ReservedCodeCacheSize                    = 251658240                              {pd product} {ergonomic}
     bool SegmentedCodeCache                       = true                                      {product} {ergonomic}
   size_t SoftMaxHeapSize                          = 2109734912                             {manageable} {ergonomic}
     intx TieredStopAtLevel                        = 1                                         {product} {command line}
     bool UseCompressedClassPointers               = true                                 {lp64_product} {ergonomic}
     bool UseCompressedOops                        = true                                 {lp64_product} {ergonomic}
     bool UseG1GC                                  = true                                      {product} {ergonomic}
     bool UseLargePagesIndividualAllocation        = false                                  {pd product} {ergonomic}

Logging:
Log output configuration:
 #0: stdout all=warning uptime,level,tags
 #1: stderr all=off uptime,level,tags

Environment Variables:
JAVA_HOME=C:\Program Files\Java\jdk-15.0.1
CLASSPATH=.;C:\Program Files\Java\jdk-15.0.1\lib\dt.jar;C:\Program Files\Java\jdk-15.0.1\lib\tools.jar;
PATH=C:\Program Files\Common Files\Oracle\Java\javapath;C:\Program Files (x86)\Common Files\Intel\Shared Libraries\redist\intel64\compiler;C:\Windows\system32;C:\Windows;C:\Windows\System32\Wbem;C:\Windows\System32\WindowsPowerShell\v1.0\;C:\Windows\System32\OpenSSH\;C:\Program Files (x86)\NVIDIA Corporation\PhysX\Common;C:\Program Files\NVIDIA Corporation\NVIDIA NvDLISR;C:\Program Files (x86)\Intel\Intel(R) Management Engine Components\DAL;C:\Program Files\Intel\Intel(R) Management Engine Components\DAL;C:\Program Files\Intel\WiFi\bin\;C:\Program Files\Common Files\Intel\WirelessCommon\;C:\WINDOWS\system32;C:\WINDOWS;C:\WINDOWS\System32\Wbem;C:\WINDOWS\System32\WindowsPowerShell\v1.0\;C:\WINDOWS\System32\OpenSSH\;"C:\Program Files\Java\jdk-15.0.1\bin;C:\Program Files\Java\jdk-15.0.1\jre\bin;";D:\vivoo\123\Vivado\2015.2\bin;D:\E\runtime\win64;D:\E\bin;D:\E\polyspace\bin;D:\Git\Git\cmd;D:\software_tool\apache-maven-3.8.3\bin;C:\Users\sherrinford\AppData\Local\Programs\Python\Python37\Scripts\;C:\Users\sherrinford\AppData\Local\Programs\Python\Python37\;C:\Users\sherrinford\AppData\Local\Microsoft\WindowsApps;;D:\VSC\Microsoft VS Code\bin;D:\pYcharm\PyCharm Community Edition 2018.3.4\bin;
USERNAME=sherrinford
LANG=zh_CN.UTF-8
OS=Windows_NT
PROCESSOR_IDENTIFIER=Intel64 Family 6 Model 158 Stepping 10, GenuineIntel



---------------  S Y S T E M  ---------------

OS:
 Windows 10 , 64 bit Build 19041 (10.0.19041.1202)
OS uptime: 1 days 23:11 hours
HyperV virtualization detected

CPU: total 12 (initial active 12) (6 cores per cpu, 2 threads per core) family 6 model 158 stepping 10 microcode 0xb4, cmov, cx8, fxsr, mmx, sse, sse2, sse3, ssse3, sse4.1, sse4.2, popcnt, vzeroupper, avx, avx2, aes, clmul, erms, 3dnowpref, lzcnt, ht, tsc, tscinvbit, bmi1, bmi2, adx, fma, clflush, clflushopt

Memory: 4k page, system-wide physical 8047M (672M free)
TotalPageFile size 15384M (AvailPageFile size 92M)
current process WorkingSet (physical memory assigned to process): 11M, peak: 11M
current process commit charge ("private bytes"): 61M, peak: 187M

vm_info: Java HotSpot(TM) 64-Bit Server VM (15.0.1+9-18) for windows-amd64 JRE (15.0.1+9-18), built on Sep 15 2020 14:43:54 by "mach5one" with unknown MS VC++:1925

END.
